<?xml version="1.0" encoding="UTF-8"?>
<!-- Generated by org.testng.reporters.JUnitXMLReporter -->
<testsuite ignored="6" hostname="DESKTOP-OB1SF68" failures="0" tests="1" name="Default test" time="4.973" errors="0" timestamp="2024-02-02T17:31:41 EET">
  <testcase classname="AlmosaferPKG.MyTestCases" name="RandomLanguage" time="1.232"/>
  <testcase classname="AlmosaferPKG.MyTestCases" name="LanguageEN" time="0.0">
    <ignored/>
  </testcase> <!-- LanguageEN -->
  <testcase classname="AlmosaferPKG.MyTestCases" name="Currency" time="0.0">
    <ignored/>
  </testcase> <!-- Currency -->
  <testcase classname="AlmosaferPKG.MyTestCases" name="ContactNumber" time="0.0">
    <ignored/>
  </testcase> <!-- ContactNumber -->
  <testcase classname="AlmosaferPKG.MyTestCases" name="DepartureDate" time="0.0">
    <ignored/>
  </testcase> <!-- DepartureDate -->
  <testcase classname="AlmosaferPKG.MyTestCases" name="QitafLogo" time="0.0">
    <ignored/>
  </testcase> <!-- QitafLogo -->
  <testcase classname="AlmosaferPKG.MyTestCases" name="hotelsTab" time="0.0">
    <ignored/>
  </testcase> <!-- hotelsTab -->
</testsuite> <!-- Default test -->
